<?xml version="1.0" encoding="UTF-8"?>
<coverage generated="1681222072226" clover="3.2.0">
  <project timestamp="1681222072226" name="All files">
    <metrics statements="11" coveredstatements="10" conditionals="14" coveredconditionals="11" methods="6" coveredmethods="5" elements="31" coveredelements="26" complexity="0" loc="11" ncloc="11" packages="2" files="2" classes="2"/>
    <package name="components.auto-complete">
      <metrics statements="9" coveredstatements="8" conditionals="14" coveredconditionals="11" methods="4" coveredmethods="3"/>
      <file name="auto-complete.tsx" path="C:\projects\gomake-web\src\components\auto-complete\auto-complete.tsx">
        <metrics statements="9" coveredstatements="8" conditionals="14" coveredconditionals="11" methods="4" coveredmethods="3"/>
        <line num="1" count="1" type="stmt"/>
        <line num="2" count="1" type="stmt"/>
        <line num="3" count="1" type="stmt"/>
        <line num="4" count="1" type="stmt"/>
        <line num="5" count="1" type="stmt"/>
        <line num="7" count="1" type="stmt"/>
        <line num="40" count="1" type="stmt"/>
        <line num="91" count="0" type="stmt"/>
        <line num="97" count="1" type="stmt"/>
      </file>
    </package>
    <package name="icons">
      <metrics statements="2" coveredstatements="2" conditionals="0" coveredconditionals="0" methods="2" coveredmethods="2"/>
      <file name="arrow-down.tsx" path="C:\projects\gomake-web\src\icons\arrow-down.tsx">
        <metrics statements="2" coveredstatements="2" conditionals="0" coveredconditionals="0" methods="2" coveredmethods="2"/>
        <line num="1" count="1" type="stmt"/>
        <line num="9" count="1" type="stmt"/>
      </file>
    </package>
  </project>
</coverage>
