{"C:\\projects\\gomake-web\\src\\components\\auto-complete\\auto-complete.tsx": {"path":"C:\\projects\\gomake-web\\src\\components\\auto-complete\\auto-complete.tsx","statementMap":{"0":{"start":{"line":97,"column":9},"end":{"line":97,"column":null}},"1":{"start":{"line":1,"column":23},"end":{"line":1,"column":null}},"2":{"start":{"line":2,"column":22},"end":{"line":2,"column":null}},"3":{"start":{"line":3,"column":23},"end":{"line":3,"column":null}},"4":{"start":{"line":4,"column":25},"end":{"line":4,"column":null}},"5":{"start":{"line":5,"column":30},"end":{"line":5,"column":null}},"6":{"start":{"line":7,"column":32},"end":{"line":38,"column":null}},"7":{"start":{"line":7,"column":70},"end":{"line":38,"column":null}},"8":{"start":{"line":40,"column":27},"end":{"line":95,"column":null}},"9":{"start":{"line":91,"column":8},"end":{"line":91,"column":null}}},"fnMap":{"0":{"name":"(anonymous_0)","decl":{"start":{"line":97,"column":9},"end":{"line":97,"column":null}},"loc":{"start":{"line":97,"column":9},"end":{"line":97,"column":null}}},"1":{"name":"(anonymous_5)","decl":{"start":{"line":7,"column":53},"end":{"line":7,"column":54}},"loc":{"start":{"line":7,"column":70},"end":{"line":38,"column":null}}},"2":{"name":"(anonymous_6)","decl":{"start":{"line":40,"column":27},"end":{"line":40,"column":28}},"loc":{"start":{"line":68,"column":6},"end":{"line":95,"column":null}}},"3":{"name":"(anonymous_8)","decl":{"start":{"line":90,"column":28},"end":{"line":90,"column":29}},"loc":{"start":{"line":91,"column":8},"end":{"line":91,"column":null}}}},"branchMap":{"0":{"loc":{"start":{"line":10,"column":10},"end":{"line":10,"column":null}},"type":"binary-expr","locations":[{"start":{"line":10,"column":10},"end":{"line":10,"column":34}},{"start":{"line":10,"column":34},"end":{"line":10,"column":null}}]},"1":{"loc":{"start":{"line":18,"column":9},"end":{"line":18,"column":41}},"type":"cond-expr","locations":[{"start":{"line":18,"column":24},"end":{"line":18,"column":32}},{"start":{"line":18,"column":32},"end":{"line":18,"column":41}}]},"2":{"loc":{"start":{"line":19,"column":10},"end":{"line":19,"column":62}},"type":"cond-expr","locations":[{"start":{"line":19,"column":25},"end":{"line":19,"column":43}},{"start":{"line":19,"column":43},"end":{"line":19,"column":62}}]},"3":{"loc":{"start":{"line":21,"column":11},"end":{"line":21,"column":36}},"type":"cond-expr","locations":[{"start":{"line":21,"column":26},"end":{"line":21,"column":34}},{"start":{"line":21,"column":34},"end":{"line":21,"column":36}}]},"4":{"loc":{"start":{"line":22,"column":12},"end":{"line":22,"column":null}},"type":"binary-expr","locations":[{"start":{"line":22,"column":12},"end":{"line":22,"column":36}},{"start":{"line":22,"column":36},"end":{"line":22,"column":null}}]},"5":{"loc":{"start":{"line":53,"column":2},"end":{"line":53,"column":18}},"type":"default-arg","locations":[{"start":{"line":53,"column":13},"end":{"line":53,"column":18}}]},"6":{"loc":{"start":{"line":80,"column":23},"end":{"line":80,"column":null}},"type":"binary-expr","locations":[{"start":{"line":80,"column":23},"end":{"line":80,"column":37}},{"start":{"line":80,"column":37},"end":{"line":80,"column":59}},{"start":{"line":80,"column":59},"end":{"line":80,"column":69}}]}},"s":{"0":1,"1":1,"2":1,"3":1,"4":1,"5":1,"6":1,"7":1,"8":1,"9":0},"f":{"0":1,"1":1,"2":1,"3":0},"b":{"0":[1,1],"1":[0,1],"2":[0,1],"3":[0,1],"4":[1,1],"5":[1],"6":[1,1,1]}}
,"C:\\projects\\gomake-web\\src\\icons\\arrow-down.tsx": {"path":"C:\\projects\\gomake-web\\src\\icons\\arrow-down.tsx","statementMap":{"0":{"start":{"line":9,"column":9},"end":{"line":9,"column":null}},"1":{"start":{"line":1,"column":22},"end":{"line":7,"column":null}}},"fnMap":{"0":{"name":"(anonymous_0)","decl":{"start":{"line":9,"column":9},"end":{"line":9,"column":null}},"loc":{"start":{"line":9,"column":9},"end":{"line":9,"column":null}}},"1":{"name":"(anonymous_1)","decl":{"start":{"line":1,"column":22},"end":{"line":1,"column":23}},"loc":{"start":{"line":1,"column":38},"end":{"line":7,"column":null}}}},"branchMap":{},"s":{"0":1,"1":1},"f":{"0":1,"1":1},"b":{}}
}
