TN:
SF:src\components\auto-complete\auto-complete.tsx
FN:97,(anonymous_0)
FN:7,(anonymous_5)
FN:40,(anonymous_6)
FN:90,(anonymous_8)
FNF:4
FNH:3
FNDA:1,(anonymous_0)
FNDA:1,(anonymous_5)
FNDA:1,(anonymous_6)
FNDA:0,(anonymous_8)
DA:1,1
DA:2,1
DA:3,1
DA:4,1
DA:5,1
DA:7,1
DA:40,1
DA:91,0
DA:97,1
LF:9
LH:8
BRDA:10,0,0,1
BRDA:10,0,1,1
BRDA:18,1,0,0
BRDA:18,1,1,1
BRDA:19,2,0,0
BRDA:19,2,1,1
BRDA:21,3,0,0
BRDA:21,3,1,1
BRDA:22,4,0,1
BRDA:22,4,1,1
BRDA:53,5,0,1
BRDA:80,6,0,1
BRDA:80,6,1,1
BRDA:80,6,2,1
BRF:14
BRH:11
end_of_record
TN:
SF:src\icons\arrow-down.tsx
FN:9,(anonymous_0)
FN:1,(anonymous_1)
FNF:2
FNH:2
FNDA:1,(anonymous_0)
FNDA:1,(anonymous_1)
DA:1,1
DA:9,1
LF:2
LH:2
BRF:0
BRH:0
end_of_record
